<?xml version="1.0" encoding="UTF-8"?>
<testsuite xmlns:xsi="http://www.w3.org/2001/XMLSchema-instance" xsi:schemaLocation="https://maven.apache.org/surefire/maven-surefire-plugin/xsd/surefire-test-report.xsd" name="com.sg.floormastery.dao.TaxesDaoFileImplTest" time="0.032" tests="2" errors="0" skipped="0" failures="2">
  <properties>
[...]
</properties>
  <testcase name="testGetAllTaxes" classname="com.sg.floormastery.dao.TaxesDaoFileImplTest" time="0.018">
    <failure message="expected: &lt;2&gt; but was: &lt;10&gt;" type="org.opentest4j.AssertionFailedError"><![CDATA[org.opentest4j.AssertionFailedError: expected: <2> but was: <10>
	at com.sg.floormastery.dao.TaxesDaoFileImplTest.testGetAllTaxes(TaxesDaoFileImplTest.java:63)
]]></failure>
  </testcase>
  <testcase name="testGetTax" classname="com.sg.floormastery.dao.TaxesDaoFileImplTest" time="0.004">
    <failure message="expected: &lt;com.sg.floormastery.dto.Taxes@3c034029&gt; but was: &lt;com.sg.floormastery.dto.Taxes@3c03b941&gt;" type="org.opentest4j.AssertionFailedError"><![CDATA[org.opentest4j.AssertionFailedError: expected: <com.sg.floormastery.dto.Taxes@3c034029> but was: <com.sg.floormastery.dto.Taxes@3c03b941>
	at com.sg.floormastery.dao.TaxesDaoFileImplTest.testGetTax(TaxesDaoFileImplTest.java:53)
]]></failure>
  </testcase>
</testsuite>